#
# There is insufficient memory for the Java Runtime Environment to continue.
# Native memory allocation (malloc) failed to allocate 382656 bytes for Chunk::new
# Possible reasons:
#   The system is out of physical RAM or swap space
#   The process is running with CompressedOops enabled, and the Java Heap may be blocking the growth of the native heap
# Possible solutions:
#   Reduce memory load on the system
#   Increase physical memory or swap space
#   Check if swap backing store is full
#   Decrease Java heap size (-Xmx/-Xms)
#   Decrease number of Java threads
#   Decrease Java thread stack sizes (-Xss)
#   Set larger code cache with -XX:ReservedCodeCacheSize=
#   JVM is running with Unscaled Compressed Oops mode in which the Java heap is
#     placed in the first 4GB address space. The Java Heap base address is the
#     maximum limit for the native heap growth. Please use -XX:HeapBaseMinAddress
#     to set the Java Heap base and to place the Java Heap above 4GB virtual address.
# This output file may be truncated or incomplete.
#
#  Out of Memory Error (allocation.cpp:389), pid=3752, tid=0x0000000000000144
#
# JRE version: Java(TM) SE Runtime Environment (8.0_211-b12) (build 1.8.0_211-b12)
# Java VM: Java HotSpot(TM) 64-Bit Server VM (25.211-b12 mixed mode windows-amd64 compressed oops)
# Failed to write core dump. Minidumps are not enabled by default on client versions of Windows
#

---------------  T H R E A D  ---------------

Current thread (0x0000000017588800):  JavaThread "C2 CompilerThread0" daemon [_thread_in_native, id=324, stack(0x0000000018c00000,0x0000000018d00000)]

Stack: [0x0000000018c00000,0x0000000018d00000]
[error occurred during error reporting (printing stack bounds), id 0xc0000005]

Native frames: (J=compiled Java code, j=interpreted, Vv=VM code, C=native code)


Current CompileTask:
C2:  88582  594   !   4       sun.awt.PostEventQueue::flush (168 bytes)


---------------  P R O C E S S  ---------------

Java Threads: ( => current thread )
  0x00000000011dd800 JavaThread "DestroyJavaVM" [_thread_blocked, id=5536, stack(0x00000000010c0000,0x00000000011c0000)]
  0x000000001a301800 JavaThread "AWT-EventQueue-0" [_thread_blocked, id=2840, stack(0x000000001abf0000,0x000000001acf0000)]
  0x000000001a2fd800 JavaThread "TimerQueue" daemon [_thread_blocked, id=6232, stack(0x000000001aaf0000,0x000000001abf0000)]
  0x00000000192e8000 JavaThread "AWT-Windows" daemon [_thread_in_native, id=704, stack(0x0000000019a00000,0x0000000019b00000)]
  0x00000000192e4800 JavaThread "AWT-Shutdown" [_thread_blocked, id=6872, stack(0x0000000019900000,0x0000000019a00000)]
  0x00000000192e3800 JavaThread "Java2D Disposer" daemon [_thread_blocked, id=2604, stack(0x0000000019800000,0x0000000019900000)]
  0x0000000018f28800 JavaThread "Service Thread" daemon [_thread_blocked, id=1276, stack(0x0000000019300000,0x0000000019400000)]
  0x000000001759f800 JavaThread "C1 CompilerThread2" daemon [_thread_blocked, id=5288, stack(0x0000000018e00000,0x0000000018f00000)]
  0x000000001759e000 JavaThread "C2 CompilerThread1" daemon [_thread_blocked, id=6764, stack(0x0000000018d00000,0x0000000018e00000)]
=>0x0000000017588800 JavaThread "C2 CompilerThread0" daemon [_thread_in_native, id=324, stack(0x0000000018c00000,0x0000000018d00000)]
  0x0000000017595000 JavaThread "Attach Listener" daemon [_thread_blocked, id=5860, stack(0x0000000018b00000,0x0000000018c00000)]
  0x0000000017593800 JavaThread "Signal Dispatcher" daemon [_thread_blocked, id=1944, stack(0x0000000018a00000,0x0000000018b00000)]
  0x000000001757a000 JavaThread "Finalizer" daemon [_thread_blocked, id=4664, stack(0x0000000018800000,0x0000000018900000)]
  0x0000000002a20000 JavaThread "Reference Handler" daemon [_thread_blocked, id=4464, stack(0x0000000018700000,0x0000000018800000)]

Other Threads:
  0x0000000017557000 VMThread [stack: 0x0000000018600000,0x0000000018700000] [id=5400]
  0x00000000175ee000 WatcherThread [stack: 0x0000000019400000,0x0000000019500000] [id=7140]

VM state:not at safepoint (normal execution)

VM Mutex/Monitor currently owned by a thread: None

heap address: 0x0000000081600000, size: 2026 MB, Compressed Oops mode: 32-bit
Narrow klass base: 0x0000000000000000, Narrow klass shift: 3
Compressed class space size: 1073741824 Address: 0x0000000100000000

Heap:
 PSYoungGen      total 38400K, used 9714K [0x00000000d5d00000, 0x00000000d8780000, 0x0000000100000000)
  eden space 33280K, 29% used [0x00000000d5d00000,0x00000000d667cb88,0x00000000d7d80000)
  from space 5120K, 0% used [0x00000000d8280000,0x00000000d8280000,0x00000000d8780000)
  to   space 5120K, 0% used [0x00000000d7d80000,0x00000000d7d80000,0x00000000d8280000)
 ParOldGen       total 87552K, used 0K [0x0000000081600000, 0x0000000086b80000, 0x00000000d5d00000)
  object space 87552K, 0% used [0x0000000081600000,0x0000000081600000,0x0000000086b80000)
 Metaspace       used 8440K, capacity 8574K, committed 8832K, reserved 1056768K
  class space    used 1020K, capacity 1093K, committed 1152K, reserved 1048576K

Card table byte_map: [0x0000000011df0000,0x00000000121f0000] byte_map_base: 0x00000000119e5000

Marking Bits: (ParMarkBitMap*) 0x0000000072a55ce0
 Begin Bits: [0x00000000128a0000, 0x0000000014848000)
 End Bits:   [0x0000000014848000, 0x00000000167f0000)

Polling page: 0x0000000000f10000

CodeCache: size=245760Kb used=2315Kb max_used=2325Kb free=243444Kb
 bounds [0x0000000002a30000, 0x0000000002ca0000, 0x0000000011a30000]
 total_blobs=1014 nmethods=593 adapters=334
 compilation: enabled

Compilation events (10 events):
Event: 53.696 Thread 0x0000000017588800 nmethod 589 0x0000000002c73b90 code [0x0000000002c73d00, 0x0000000002c73fc8]
Event: 58.625 Thread 0x000000001759e000  590       4       java.awt.Component::getParent (5 bytes)
Event: 58.626 Thread 0x000000001759e000 nmethod 590 0x0000000002c5d250 code [0x0000000002c5d380, 0x0000000002c5d3d8]
Event: 63.369 Thread 0x0000000017588800  591       4       java.util.concurrent.locks.ReentrantLock$NonfairSync::tryAcquire (6 bytes)
Event: 63.370 Thread 0x0000000017588800 nmethod 591 0x0000000002c6ea90 code [0x0000000002c6ebc0, 0x0000000002c6ecb8]
Event: 67.160 Thread 0x000000001759f800  592       1       java.util.HashMap::afterNodeRemoval (1 bytes)
Event: 67.160 Thread 0x000000001759f800 nmethod 592 0x0000000002c738d0 code [0x0000000002c73a20, 0x0000000002c73b30]
Event: 85.225 Thread 0x000000001759f800  593       1       javax.swing.TimerQueue$DelayedTimer::setTime (6 bytes)
Event: 85.225 Thread 0x000000001759f800 nmethod 593 0x0000000002c73610 code [0x0000000002c73760, 0x0000000002c73890]
Event: 88.541 Thread 0x0000000017588800  594   !   4       sun.awt.PostEventQueue::flush (168 bytes)

GC Heap History (0 events):
No events

Deoptimization events (0 events):
No events

Classes redefined (0 events):
No events

Internal exceptions (10 events):
Event: 0.033 Thread 0x00000000011dd800 Exception <a 'java/lang/NoSuchMethodError': Method sun.misc.Unsafe.defineClass(Ljava/lang/String;[BII)Ljava/lang/Class; name or signature does not match> (0x00000000d5d07cb0) thrown at [C:\re\workspace\8-2-build-windows-amd64-cygwin\jdk8u211\12973\hotspot
Event: 0.033 Thread 0x00000000011dd800 Exception <a 'java/lang/NoSuchMethodError': Method sun.misc.Unsafe.prefetchRead(Ljava/lang/Object;J)V name or signature does not match> (0x00000000d5d07f98) thrown at [C:\re\workspace\8-2-build-windows-amd64-cygwin\jdk8u211\12973\hotspot\src\share\vm\prim
Event: 0.085 Thread 0x00000000011dd800 Exception <a 'java/security/PrivilegedActionException'> (0x00000000d5d80010) thrown at [C:\re\workspace\8-2-build-windows-amd64-cygwin\jdk8u211\12973\hotspot\src\share\vm\prims\jvm.cpp, line 1502]
Event: 0.085 Thread 0x00000000011dd800 Exception <a 'java/security/PrivilegedActionException'> (0x00000000d5d80220) thrown at [C:\re\workspace\8-2-build-windows-amd64-cygwin\jdk8u211\12973\hotspot\src\share\vm\prims\jvm.cpp, line 1502]
Event: 0.086 Thread 0x00000000011dd800 Exception <a 'java/security/PrivilegedActionException'> (0x00000000d5d83e90) thrown at [C:\re\workspace\8-2-build-windows-amd64-cygwin\jdk8u211\12973\hotspot\src\share\vm\prims\jvm.cpp, line 1502]
Event: 0.086 Thread 0x00000000011dd800 Exception <a 'java/security/PrivilegedActionException'> (0x00000000d5d840a0) thrown at [C:\re\workspace\8-2-build-windows-amd64-cygwin\jdk8u211\12973\hotspot\src\share\vm\prims\jvm.cpp, line 1502]
Event: 0.091 Thread 0x00000000011dd800 Exception <a 'java/io/FileNotFoundException'> (0x00000000d5d8b208) thrown at [C:\re\workspace\8-2-build-windows-amd64-cygwin\jdk8u211\12973\hotspot\src\share\vm\prims\jni.cpp, line 710]
Event: 0.118 Thread 0x00000000011dd800 Exception <a 'java/lang/NoSuchFieldError': method resolution failed> (0x00000000d5f03240) thrown at [C:\re\workspace\8-2-build-windows-amd64-cygwin\jdk8u211\12973\hotspot\src\share\vm\prims\methodHandles.cpp, line 1167]
Event: 0.119 Thread 0x00000000011dd800 Exception <a 'java/lang/NoSuchFieldError': method resolution failed> (0x00000000d5f10610) thrown at [C:\re\workspace\8-2-build-windows-amd64-cygwin\jdk8u211\12973\hotspot\src\share\vm\prims\methodHandles.cpp, line 1167]
Event: 0.149 Thread 0x00000000011dd800 Exception <a 'java/io/FileNotFoundException'> (0x00000000d5fa8c30) thrown at [C:\re\workspace\8-2-build-windows-amd64-cygwin\jdk8u211\12973\hotspot\src\share\vm\prims\jni.cpp, line 710]

Events (10 events):
Event: 0.840 loading class sun/awt/ModalExclude done
Event: 0.840 loading class javax/swing/JWindow
Event: 0.840 loading class javax/swing/JWindow done
Event: 0.840 loading class javax/swing/Popup$HeavyWeightWindow done
Event: 4.072 Executing VM operation: EnableBiasedLocking
Event: 4.073 Executing VM operation: EnableBiasedLocking done
Event: 5.303 loading class java/awt/KeyboardFocusManager$2
Event: 5.303 loading class java/awt/KeyboardFocusManager$2 done
Event: 5.303 loading class sun/awt/SunToolkit$1
Event: 5.303 loading class sun/awt/SunToolkit$1 done


Dynamic libraries:
0x00007ff7624a0000 - 0x00007ff7624d7000 	C:\Program Files\Java\jre1.8.0_211\bin\javaw.exe
0x00007ff9402c0000 - 0x00007ff94046c000 	C:\Windows\SYSTEM32\ntdll.dll
0x00007ff93ffd0000 - 0x00007ff94010e000 	C:\Windows\system32\KERNEL32.DLL
0x00007ff93d5e0000 - 0x00007ff93d6f5000 	C:\Windows\system32\KERNELBASE.dll
0x00007ff93bd50000 - 0x00007ff93bdde000 	C:\Windows\system32\apphelp.dll
0x00007ff92e400000 - 0x00007ff92e453000 	C:\Windows\AppPatch\AppPatch64\AcGenral.DLL
0x00007ff93dcf0000 - 0x00007ff93dd9a000 	C:\Windows\system32\msvcrt.dll
0x00007ff93d240000 - 0x00007ff93d26e000 	C:\Windows\SYSTEM32\SspiCli.dll
0x00007ff93e080000 - 0x00007ff93e0d4000 	C:\Windows\system32\SHLWAPI.dll
0x00007ff93db70000 - 0x00007ff93dce7000 	C:\Windows\system32\USER32.dll
0x00007ff93fe30000 - 0x00007ff93ffc4000 	C:\Windows\system32\ole32.dll
0x00007ff93e640000 - 0x00007ff93fb59000 	C:\Windows\system32\SHELL32.dll
0x00007ff93c9b0000 - 0x00007ff93c9d1000 	C:\Windows\SYSTEM32\USERENV.dll
0x00007ff93e4c0000 - 0x00007ff93e56a000 	C:\Windows\system32\ADVAPI32.dll
0x00007ff9327f0000 - 0x00007ff93280e000 	C:\Windows\SYSTEM32\MPR.dll
0x00007ff940170000 - 0x00007ff9402b1000 	C:\Windows\system32\RPCRT4.dll
0x00007ff93fbc0000 - 0x00007ff93fc19000 	C:\Windows\SYSTEM32\sechost.dll
0x00007ff93dda0000 - 0x00007ff93dfb1000 	C:\Windows\SYSTEM32\combase.dll
0x00007ff93d9d0000 - 0x00007ff93db21000 	C:\Windows\system32\GDI32.dll
0x00007ff93d410000 - 0x00007ff93d425000 	C:\Windows\SYSTEM32\profapi.dll
0x00007ff93b420000 - 0x00007ff93b4d2000 	C:\Windows\SYSTEM32\SHCORE.dll
0x00007ff93db30000 - 0x00007ff93db66000 	C:\Windows\system32\IMM32.DLL
0x00007ff93e0f0000 - 0x00007ff93e243000 	C:\Windows\system32\MSCTF.dll
0x00007ff93ae10000 - 0x00007ff93b08b000 	C:\Windows\WinSxS\amd64_microsoft.windows.common-controls_6595b64144ccf1df_6.0.9600.17415_none_6240486fecbd8abb\COMCTL32.dll
0x0000000072150000 - 0x0000000072222000 	C:\Program Files\Java\jre1.8.0_211\bin\msvcr100.dll
0x0000000072230000 - 0x0000000072ad5000 	C:\Program Files\Java\jre1.8.0_211\bin\server\jvm.dll
0x00007ff926cc0000 - 0x00007ff926cc9000 	C:\Windows\SYSTEM32\WSOCK32.dll
0x00007ff939c30000 - 0x00007ff939c52000 	C:\Windows\SYSTEM32\WINMM.dll
0x00007ff9370c0000 - 0x00007ff9370ca000 	C:\Windows\SYSTEM32\VERSION.dll
0x00007ff93d9c0000 - 0x00007ff93d9c7000 	C:\Windows\system32\PSAPI.DLL
0x00007ff93fb60000 - 0x00007ff93fbba000 	C:\Windows\system32\WS2_32.dll
0x00007ff939ba0000 - 0x00007ff939bca000 	C:\Windows\SYSTEM32\WINMMBASE.dll
0x00007ff93d940000 - 0x00007ff93d949000 	C:\Windows\system32\NSI.dll
0x00007ff93d4e0000 - 0x00007ff93d52f000 	C:\Windows\SYSTEM32\cfgmgr32.dll
0x00007ff93c200000 - 0x00007ff93c228000 	C:\Windows\SYSTEM32\DEVOBJ.dll
0x00007ff93acc0000 - 0x00007ff93accf000 	C:\Program Files\Java\jre1.8.0_211\bin\verify.dll
0x00007ff92f680000 - 0x00007ff92f6a9000 	C:\Program Files\Java\jre1.8.0_211\bin\java.dll
0x00007ff93ac60000 - 0x00007ff93ac76000 	C:\Program Files\Java\jre1.8.0_211\bin\zip.dll
0x00007ff92ab70000 - 0x00007ff92ad09000 	C:\Program Files\Java\jre1.8.0_211\bin\awt.dll
0x00007ff93e570000 - 0x00007ff93e631000 	C:\Windows\system32\OLEAUT32.dll
0x00007ff93b9d0000 - 0x00007ff93b9f1000 	C:\Windows\system32\DWMAPI.DLL
0x00007ff93c080000 - 0x00007ff93c1a9000 	C:\Windows\system32\uxtheme.dll
0x00007ff931110000 - 0x00007ff93123b000 	C:\Windows\system32\opengl32.dll
0x00007ff938bf0000 - 0x00007ff938c1e000 	C:\Windows\SYSTEM32\GLU32.dll
0x00007ff930d60000 - 0x00007ff930e58000 	C:\Windows\SYSTEM32\DDRAW.dll
0x00007ff938be0000 - 0x00007ff938be9000 	C:\Windows\SYSTEM32\DCIMAN32.dll
0x00007ff93c250000 - 0x00007ff93c25b000 	C:\Windows\SYSTEM32\kernel.appcore.dll
0x00007ff93d2e0000 - 0x00007ff93d2eb000 	C:\Windows\SYSTEM32\CRYPTBASE.dll
0x00007ff93d270000 - 0x00007ff93d2d3000 	C:\Windows\SYSTEM32\bcryptPrimitives.dll
0x00007ff92db50000 - 0x00007ff92db99000 	C:\Program Files\Java\jre1.8.0_211\bin\fontmanager.dll

VM Arguments:
jvm_args: -Dfile.encoding=Cp1252 
java_command: fail.MiFrame
java_class_path (initial): C:\Users\Nicolás\eclipse-workspace\UI\bin
Launcher Type: SUN_STANDARD

Environment Variables:
PATH=C:/Program Files/Java/jre1.8.0_211/bin/server;C:/Program Files/Java/jre1.8.0_211/bin;C:/Program Files/Java/jre1.8.0_211/lib/amd64;C:\Program Files (x86)\Common Files\Oracle\Java\javapath;C:\Windows\system32;C:\Windows;C:\Windows\System32\Wbem;C:\Windows\System32\WindowsPowerShell\v1.0\;C:\Program Files (x86)\Windows Live\Shared;C:\Users\Nicolás\AppData\Local\GitHubDesktop\bin;C:\Users\Nicolás\Documents\eclipse-java-2018-12-R-win32-x86_64\eclipse;
USERNAME=Nicolás
OS=Windows_NT
PROCESSOR_IDENTIFIER=Intel64 Family 6 Model 60 Stepping 3, GenuineIntel



---------------  S Y S T E M  ---------------

OS: Windows 8.1 , 64 bit Build 9600 (6.3.9600.17415)

CPU:total 4 (initial active 4) (4 cores per cpu, 1 threads per core) family 6 model 60 stepping 3, cmov, cx8, fxsr, mmx, sse, sse2, sse3, ssse3, sse4.1, sse4.2, popcnt, avx, avx2, aes, clmul, erms, rtm, lzcnt, tsc, tscinvbit, bmi1, bmi2

Memory: 4k page, physical 8298032k(3081948k free), swap 11443760k(5364k free)

vm_info: Java HotSpot(TM) 64-Bit Server VM (25.211-b12) for windows-amd64 JRE (1.8.0_211-b12), built on Apr  1 2019 20:53:26 by "java_re" with MS VC++ 10.0 (VS2010)

time: Thu May 30 13:45:50 2019
timezone: Hora de verano central (México)
elapsed time: 88 seconds (0d 0h 1m 28s)

