
Invoking autoreconf in build directory: C:/Users/HikingCarrot/Desktop/JavaPrimerosPasos/xd/


Configuration failed with error
(sh -c "autoreconf -i" 
Cannot run program "sh": Launching failed

Error: Program "sh" not found in PATH
PATH=[C:/Program Files/Java/jre1.8.0_211/bin/server;C:/Program Files/Java/jre1.8.0_211/bin;C:/Program Files/Java/jre1.8.0_211/lib/amd64;C:\Program Files (x86)\Common Files\Oracle\Java\javapath;C:\Windows\system32;C:\Windows;C:\Windows\System32\Wbem;C:\Windows\System32\WindowsPowerShell\v1.0\;C:\Program Files\Java\jdk1.8.0_202\bin;C:\Program Files\dotnet\;C:\Program Files\Microsoft SQL Server\130\Tools\Binn\;C:\Users\HikingCarrot\AppData\Local\GitHubDesktop\bin;C:\Users\HikingCarrot\AppData\Local\Programs\Microsoft VS Code\bin;C:\Users\HikingCarrot\eclipse\java-2019-03\eclipse]
)Build stopped
()
Invoking autoreconf in build directory: C:/Users/HikingCarrot/Desktop/JavaPrimerosPasos/xd/


Configuration failed with error
(sh -c "autoreconf -i" 
Cannot run program "sh": Launching failed

Error: Program "sh" not found in PATH
PATH=[C:/Program Files/Java/jre1.8.0_211/bin/server;C:/Program Files/Java/jre1.8.0_211/bin;C:/Program Files/Java/jre1.8.0_211/lib/amd64;C:\Program Files (x86)\Common Files\Oracle\Java\javapath;C:\Windows\system32;C:\Windows;C:\Windows\System32\Wbem;C:\Windows\System32\WindowsPowerShell\v1.0\;C:\Program Files\Java\jdk1.8.0_202\bin;C:\Program Files\dotnet\;C:\Program Files\Microsoft SQL Server\130\Tools\Binn\;C:\Users\HikingCarrot\AppData\Local\GitHubDesktop\bin;C:\Users\HikingCarrot\AppData\Local\Programs\Microsoft VS Code\bin;C:\Users\HikingCarrot\eclipse\java-2019-03\eclipse]
)Build stopped
()00:15:20 **** Rebuild of configuration Debug for project Test ****
Info: Internal Builder is used for build
g++ -O0 -g3 -Wall -c -fmessage-length=0 -o "src\\Test.o" "..\\src\\Test.cpp" 
g++ -o Test.exe "src\\Test.o" 
Info: Nothing to build for Test
00:16:06 **** Incremental Build of configuration Debug for project Test ****
Info: Internal Builder is used for build
g++ -O0 -g3 -Wall -c -fmessage-length=0 -o "src\\Test.o" "..\\src\\Test.cpp" 
g++ -o Test.exe "src\\Test.o" 
00:17:53 **** Incremental Build of configuration Debug for project Test ****
Info: Internal Builder is used for build
g++ -O0 -g3 -Wall -c -fmessage-length=0 -o "src\\Test.o" "..\\src\\Test.cpp" 
g++ -o Test.exe "src\\Test.o" 
00:18:34 **** Incremental Build of configuration Debug for project Test ****
Info: Internal Builder is used for build
g++ -O0 -g3 -Wall -c -fmessage-length=0 -o "src\\Test.o" "..\\src\\Test.cpp" 
g++ -o Test.exe "src\\Test.o" 
Info: Nothing to build for Test
00:24:46 **** Incremental Build of configuration Debug for project Test ****
Info: Internal Builder is used for build
g++ -O0 -g3 -Wall -c -fmessage-length=0 -o "src\\Test.o" "..\\src\\Test.cpp" 
g++ -O0 -g3 -Wall -c -fmessage-length=0 -o "src\\Persona.o" "..\\src\\Persona.cpp" 
g++ -o Test.exe "src\\Persona.o" "src\\Test.o" 
00:24:48 **** Rebuild of configuration Debug for project TestC ****
Info: Internal Builder is used for build
gcc -O0 -g3 -Wall -c -fmessage-length=0 -o "src\\TestC.o" "..\\src\\TestC.c" 
gcc -o TestC.exe "src\\TestC.o" 
Info: Nothing to build for TestC
Info: Nothing to build for Test
Info: Nothing to build for TestC
Info: Nothing to build for Test
Info: Nothing to build for TestC
Info: Nothing to build for TestC
Info: Nothing to build for TestC
00:26:39 **** Incremental Build of configuration Debug for project Test ****
Info: Internal Builder is used for build
g++ -O0 -g3 -Wall -c -fmessage-length=0 -o "src\\Test.o" "..\\src\\Test.cpp" 
g++ -o Test.exe "src\\Persona.o" "src\\Test.o" 
00:26:41 **** Incremental Build of configuration Debug for project TestC ****
Info: Internal Builder is used for build
gcc -O0 -g3 -Wall -c -fmessage-length=0 -o "src\\Test.o" "..\\src\\Test.c" 
gcc -o TestC.exe "src\\Test.o" 
c:/mingw/bin/../lib/gcc/x86_64-w64-mingw32/9.1.0/../../../../x86_64-w64-mingw32/bin/ld.exe: cannot open output file TestC.exe: Permission denied
collect2.exe: error: ld returned 1 exit status
00:28:50 **** Rebuild of configuration Debug for project Test ****
Info: Internal Builder is used for build
g++ -O0 -g3 -Wall -c -fmessage-length=0 -o "src\\Persona.o" "..\\src\\Persona.cpp" 
g++ -O0 -g3 -Wall -c -fmessage-length=0 -o "src\\Test.o" "..\\src\\Test.cpp" 
g++ -o Test.exe "src\\Persona.o" "src\\Test.o" 
00:28:52 **** Rebuild of configuration Debug for project TestC ****
Info: Internal Builder is used for build
gcc -O0 -g3 -Wall -c -fmessage-length=0 -o "src\\Test.o" "..\\src\\Test.c" 
gcc -o TestC.exe "src\\Test.o" 
Info: Nothing to build for TestC
Info: Nothing to build for TestC
00:37:31 **** Incremental Build of configuration Debug for project Test ****
Info: Internal Builder is used for build
g++ -O0 -g3 -Wall -c -fmessage-length=0 -o "src\\Persona.o" "..\\src\\Persona.cpp" 
g++ -o Test.exe "src\\Persona.o" "src\\Test.o" 
Info: Nothing to build for Test
